# JRE version: OpenJDK Runtime Environment (8.0_212-b04) (build 1.8.0_212-release-1586-b04)
# Java VM: OpenJDK 64-Bit Server VM (25.212-b04 mixed mode windows-amd64 compressed oops)
Heap:
 PSYoungGen      total 349696K, used 29822K [0x00000000e0000000, 0x0000000100000000, 0x0000000100000000)
  eden space 175104K, 0% used [0x00000000e0000000,0x00000000e0000000,0x00000000eab00000)
  from space 174592K, 17% used [0x00000000f5580000,0x00000000f729fbc8,0x0000000100000000)
  to   space 174592K, 0% used [0x00000000eab00000,0x00000000eab00000,0x00000000f5580000)
 ParOldGen       total 471552K, used 455216K [0x00000000a0000000, 0x00000000bcc80000, 0x00000000e0000000)
  object space 471552K, 96% used [0x00000000a0000000,0x00000000bbc8c228,0x00000000bcc80000)
 Metaspace       used 191693K, capacity 202312K, committed 202368K, reserved 1226752K
  class space    used 23626K, capacity 25709K, committed 25728K, reserved 1048576K
GC Heap History (10 events):
Event: 6867.556 GC heap after
Heap after GC invocations=73 (full 5):
 PSYoungGen      total 349696K, used 136471K [0x00000000e0000000, 0x0000000100000000, 0x0000000100000000)
  eden space 175104K, 0% used [0x00000000e0000000,0x00000000e0000000,0x00000000eab00000)
  from space 174592K, 78% used [0x00000000f5580000,0x00000000fdac5f20,0x0000000100000000)
  to   space 174592K, 0% used [0x00000000eab00000,0x00000000eab00000,0x00000000f5580000)
 ParOldGen       total 471552K, used 324315K [0x00000000a0000000, 0x00000000bcc80000, 0x00000000e0000000)
  object space 471552K, 68% used [0x00000000a0000000,0x00000000b3cb6d50,0x00000000bcc80000)
 Metaspace       used 191653K, capacity 202240K, committed 202368K, reserved 1226752K
  class space    used 23626K, capacity 25709K, committed 25728K, reserved 1048576K
}
Event: 6867.701 GC heap before
{Heap before GC invocations=74 (full 5):
 PSYoungGen      total 349696K, used 311575K [0x00000000e0000000, 0x0000000100000000, 0x0000000100000000)
  eden space 175104K, 100% used [0x00000000e0000000,0x00000000eab00000,0x00000000eab00000)
  from space 174592K, 78% used [0x00000000f5580000,0x00000000fdac5f20,0x0000000100000000)
  to   space 174592K, 0% used [0x00000000eab00000,0x00000000eab00000,0x00000000f5580000)
 ParOldGen       total 471552K, used 324315K [0x00000000a0000000, 0x00000000bcc80000, 0x00000000e0000000)
  object space 471552K, 68% used [0x00000000a0000000,0x00000000b3cb6d50,0x00000000bcc80000)
 Metaspace       used 191675K, capacity 202240K, committed 202368K, reserved 1226752K
  class space    used 23626K, capacity 25709K, committed 25728K, reserved 1048576K
Event: 6867.757 GC heap after
Heap after GC invocations=74 (full 5):
 PSYoungGen      total 349696K, used 139678K [0x00000000e0000000, 0x0000000100000000, 0x0000000100000000)
  eden space 175104K, 0% used [0x00000000e0000000,0x00000000e0000000,0x00000000eab00000)
  from space 174592K, 80% used [0x00000000eab00000,0x00000000f33679e8,0x00000000f5580000)
  to   space 174592K, 0% used [0x00000000f5580000,0x00000000f5580000,0x0000000100000000)
 ParOldGen       total 471552K, used 326012K [0x00000000a0000000, 0x00000000bcc80000, 0x00000000e0000000)
  object space 471552K, 69% used [0x00000000a0000000,0x00000000b3e5f0f0,0x00000000bcc80000)
 Metaspace       used 191675K, capacity 202240K, committed 202368K, reserved 1226752K
  class space    used 23626K, capacity 25709K, committed 25728K, reserved 1048576K
}
Event: 6867.880 GC heap before
{Heap before GC invocations=75 (full 5):
 PSYoungGen      total 349696K, used 314782K [0x00000000e0000000, 0x0000000100000000, 0x0000000100000000)
  eden space 175104K, 100% used [0x00000000e0000000,0x00000000eab00000,0x00000000eab00000)
  from space 174592K, 80% used [0x00000000eab00000,0x00000000f33679e8,0x00000000f5580000)
  to   space 174592K, 0% used [0x00000000f5580000,0x00000000f5580000,0x0000000100000000)
 ParOldGen       total 471552K, used 326012K [0x00000000a0000000, 0x00000000bcc80000, 0x00000000e0000000)
  object space 471552K, 69% used [0x00000000a0000000,0x00000000b3e5f0f0,0x00000000bcc80000)
 Metaspace       used 191679K, capacity 202240K, committed 202368K, reserved 1226752K
  class space    used 23626K, capacity 25709K, committed 25728K, reserved 1048576K
Event: 6867.964 GC heap after
Heap after GC invocations=75 (full 5):
 PSYoungGen      total 349696K, used 131181K [0x00000000e0000000, 0x0000000100000000, 0x0000000100000000)
  eden space 175104K, 0% used [0x00000000e0000000,0x00000000e0000000,0x00000000eab00000)
  from space 174592K, 75% used [0x00000000f5580000,0x00000000fd59b450,0x0000000100000000)
  to   space 174592K, 0% used [0x00000000eab00000,0x00000000eab00000,0x00000000f5580000)
 ParOldGen       total 471552K, used 340878K [0x00000000a0000000, 0x00000000bcc80000, 0x00000000e0000000)
  object space 471552K, 72% used [0x00000000a0000000,0x00000000b4ce3b98,0x00000000bcc80000)
 Metaspace       used 191679K, capacity 202240K, committed 202368K, reserved 1226752K
  class space    used 23626K, capacity 25709K, committed 25728K, reserved 1048576K
}
Event: 6868.097 GC heap before
{Heap before GC invocations=76 (full 5):
 PSYoungGen      total 349696K, used 305437K [0x00000000e0000000, 0x0000000100000000, 0x0000000100000000)
  eden space 175104K, 99% used [0x00000000e0000000,0x00000000eaa2c1f8,0x00000000eab00000)
  from space 174592K, 75% used [0x00000000f5580000,0x00000000fd59b450,0x0000000100000000)
  to   space 174592K, 0% used [0x00000000eab00000,0x00000000eab00000,0x00000000f5580000)
 ParOldGen       total 471552K, used 340878K [0x00000000a0000000, 0x00000000bcc80000, 0x00000000e0000000)
  object space 471552K, 72% used [0x00000000a0000000,0x00000000b4ce3b98,0x00000000bcc80000)
 Metaspace       used 191687K, capacity 202248K, committed 202368K, reserved 1226752K
  class space    used 23626K, capacity 25709K, committed 25728K, reserved 1048576K
Event: 6868.200 GC heap after
Heap after GC invocations=76 (full 5):
 PSYoungGen      total 349696K, used 78450K [0x00000000e0000000, 0x0000000100000000, 0x0000000100000000)
  eden space 175104K, 0% used [0x00000000e0000000,0x00000000e0000000,0x00000000eab00000)
  from space 174592K, 44% used [0x00000000eab00000,0x00000000ef79c868,0x00000000f5580000)
  to   space 174592K, 0% used [0x00000000f5580000,0x00000000f5580000,0x0000000100000000)
 ParOldGen       total 471552K, used 397954K [0x00000000a0000000, 0x00000000bcc80000, 0x00000000e0000000)
  object space 471552K, 84% used [0x00000000a0000000,0x00000000b84a08f0,0x00000000bcc80000)
 Metaspace       used 191687K, capacity 202248K, committed 202368K, reserved 1226752K
  class space    used 23626K, capacity 25709K, committed 25728K, reserved 1048576K
}
Event: 6868.315 GC heap before
{Heap before GC invocations=77 (full 5):
 PSYoungGen      total 349696K, used 253554K [0x00000000e0000000, 0x0000000100000000, 0x0000000100000000)
  eden space 175104K, 100% used [0x00000000e0000000,0x00000000eab00000,0x00000000eab00000)
  from space 174592K, 44% used [0x00000000eab00000,0x00000000ef79c868,0x00000000f5580000)
  to   space 174592K, 0% used [0x00000000f5580000,0x00000000f5580000,0x0000000100000000)
 ParOldGen       total 471552K, used 397954K [0x00000000a0000000, 0x00000000bcc80000, 0x00000000e0000000)
  object space 471552K, 84% used [0x00000000a0000000,0x00000000b84a08f0,0x00000000bcc80000)
 Metaspace       used 191693K, capacity 202312K, committed 202368K, reserved 1226752K
  class space    used 23626K, capacity 25709K, committed 25728K, reserved 1048576K
Event: 6868.373 GC heap after
Heap after GC invocations=77 (full 5):
 PSYoungGen      total 349696K, used 29822K [0x00000000e0000000, 0x0000000100000000, 0x0000000100000000)
  eden space 175104K, 0% used [0x00000000e0000000,0x00000000e0000000,0x00000000eab00000)
  from space 174592K, 17% used [0x00000000f5580000,0x00000000f729fbc8,0x0000000100000000)
  to   space 174592K, 0% used [0x00000000eab00000,0x00000000eab00000,0x00000000f5580000)
 ParOldGen       total 471552K, used 455216K [0x00000000a0000000, 0x00000000bcc80000, 0x00000000e0000000)
  object space 471552K, 96% used [0x00000000a0000000,0x00000000bbc8c228,0x00000000bcc80000)
 Metaspace       used 191693K, capacity 202312K, committed 202368K, reserved 1226752K
  class space    used 23626K, capacity 25709K, committed 25728K, reserved 1048576K
}
Event: 6868.373 GC heap before
{Heap before GC invocations=78 (full 6):
 PSYoungGen      total 349696K, used 29822K [0x00000000e0000000, 0x0000000100000000, 0x0000000100000000)
  eden space 175104K, 0% used [0x00000000e0000000,0x00000000e0000000,0x00000000eab00000)
  from space 174592K, 17% used [0x00000000f5580000,0x00000000f729fbc8,0x0000000100000000)
  to   space 174592K, 0% used [0x00000000eab00000,0x00000000eab00000,0x00000000f5580000)
 ParOldGen       total 471552K, used 455216K [0x00000000a0000000, 0x00000000bcc80000, 0x00000000e0000000)
  object space 471552K, 96% used [0x00000000a0000000,0x00000000bbc8c228,0x00000000bcc80000)
 Metaspace       used 191693K, capacity 202312K, committed 202368K, reserved 1226752K
  class space    used 23626K, capacity 25709K, committed 25728K, reserved 1048576K

