# JRE version: OpenJDK Runtime Environment (8.0_212-b04) (build 1.8.0_212-release-1586-b04)
# Java VM: OpenJDK 64-Bit Server VM (25.212-b04 mixed mode windows-amd64 compressed oops)
Heap:
 PSYoungGen      total 388608K, used 141221K [0x00000000e0000000, 0x0000000100000000, 0x0000000100000000)
  eden space 252928K, 28% used [0x00000000e0000000,0x00000000e471ab58,0x00000000ef700000)
  from space 135680K, 50% used [0x00000000ef700000,0x00000000f39cea88,0x00000000f7b80000)
  to   space 133120K, 63% used [0x00000000f7e00000,0x00000000fcff4358,0x0000000100000000)
 ParOldGen       total 349184K, used 257947K [0x00000000a0000000, 0x00000000b5500000, 0x00000000e0000000)
  object space 349184K, 73% used [0x00000000a0000000,0x00000000afbe6f10,0x00000000b5500000)
 Metaspace       used 157352K, capacity 164238K, committed 164336K, reserved 1191936K
  class space    used 20030K, capacity 21412K, committed 21488K, reserved 1048576K
GC Heap History (10 events):
Event: 7072.000 GC heap after
Heap after GC invocations=35 (full 4):
 PSYoungGen      total 356864K, used 22283K [0x00000000e0000000, 0x00000000fbb00000, 0x0000000100000000)
  eden space 276992K, 0% used [0x00000000e0000000,0x00000000e0000000,0x00000000f0e80000)
  from space 79872K, 27% used [0x00000000f0e80000,0x00000000f2442e38,0x00000000f5c80000)
  to   space 77312K, 0% used [0x00000000f6f80000,0x00000000f6f80000,0x00000000fbb00000)
 ParOldGen       total 349184K, used 190839K [0x00000000a0000000, 0x00000000b5500000, 0x00000000e0000000)
  object space 349184K, 54% used [0x00000000a0000000,0x00000000aba5de18,0x00000000b5500000)
 Metaspace       used 155108K, capacity 161718K, committed 161944K, reserved 1189888K
  class space    used 19784K, capacity 21094K, committed 21144K, reserved 1048576K
}
Event: 7072.859 GC heap before
{Heap before GC invocations=36 (full 4):
 PSYoungGen      total 356864K, used 299275K [0x00000000e0000000, 0x00000000fbb00000, 0x0000000100000000)
  eden space 276992K, 100% used [0x00000000e0000000,0x00000000f0e80000,0x00000000f0e80000)
  from space 79872K, 27% used [0x00000000f0e80000,0x00000000f2442e38,0x00000000f5c80000)
  to   space 77312K, 0% used [0x00000000f6f80000,0x00000000f6f80000,0x00000000fbb00000)
 ParOldGen       total 349184K, used 190839K [0x00000000a0000000, 0x00000000b5500000, 0x00000000e0000000)
  object space 349184K, 54% used [0x00000000a0000000,0x00000000aba5de18,0x00000000b5500000)
 Metaspace       used 155313K, capacity 161906K, committed 162200K, reserved 1189888K
  class space    used 19789K, capacity 21102K, committed 21144K, reserved 1048576K
Event: 7072.938 GC heap after
Heap after GC invocations=36 (full 4):
 PSYoungGen      total 354304K, used 77291K [0x00000000e0000000, 0x00000000ff880000, 0x0000000100000000)
  eden space 276992K, 0% used [0x00000000e0000000,0x00000000e0000000,0x00000000f0e80000)
  from space 77312K, 99% used [0x00000000f6f80000,0x00000000fbafaed8,0x00000000fbb00000)
  to   space 99328K, 0% used [0x00000000f0e80000,0x00000000f0e80000,0x00000000f6f80000)
 ParOldGen       total 349184K, used 218229K [0x00000000a0000000, 0x00000000b5500000, 0x00000000e0000000)
  object space 349184K, 62% used [0x00000000a0000000,0x00000000ad51d698,0x00000000b5500000)
 Metaspace       used 155313K, capacity 161906K, committed 162200K, reserved 1189888K
  class space    used 19789K, capacity 21102K, committed 21144K, reserved 1048576K
}
Event: 7073.981 GC heap before
{Heap before GC invocations=37 (full 4):
 PSYoungGen      total 354304K, used 354190K [0x00000000e0000000, 0x00000000ff880000, 0x0000000100000000)
  eden space 276992K, 99% used [0x00000000e0000000,0x00000000f0e68ca0,0x00000000f0e80000)
  from space 77312K, 99% used [0x00000000f6f80000,0x00000000fbafaed8,0x00000000fbb00000)
  to   space 99328K, 0% used [0x00000000f0e80000,0x00000000f0e80000,0x00000000f6f80000)
 ParOldGen       total 349184K, used 218229K [0x00000000a0000000, 0x00000000b5500000, 0x00000000e0000000)
  object space 349184K, 62% used [0x00000000a0000000,0x00000000ad51d698,0x00000000b5500000)
 Metaspace       used 155321K, capacity 161906K, committed 162200K, reserved 1189888K
  class space    used 19789K, capacity 21102K, committed 21144K, reserved 1048576K
Event: 7074.064 GC heap after
Heap after GC invocations=37 (full 4):
 PSYoungGen      total 376320K, used 99303K [0x00000000e0000000, 0x0000000100000000, 0x0000000100000000)
  eden space 276992K, 0% used [0x00000000e0000000,0x00000000e0000000,0x00000000f0e80000)
  from space 99328K, 99% used [0x00000000f0e80000,0x00000000f6f79ca8,0x00000000f6f80000)
  to   space 129024K, 0% used [0x00000000f8200000,0x00000000f8200000,0x0000000100000000)
 ParOldGen       total 349184K, used 255930K [0x00000000a0000000, 0x00000000b5500000, 0x00000000e0000000)
  object space 349184K, 73% used [0x00000000a0000000,0x00000000af9eeba0,0x00000000b5500000)
 Metaspace       used 155321K, capacity 161906K, committed 162200K, reserved 1189888K
  class space    used 19789K, capacity 21102K, committed 21144K, reserved 1048576K
}
Event: 7129.603 GC heap before
{Heap before GC invocations=38 (full 4):
 PSYoungGen      total 376320K, used 376280K [0x00000000e0000000, 0x0000000100000000, 0x0000000100000000)
  eden space 276992K, 99% used [0x00000000e0000000,0x00000000f0e7c500,0x00000000f0e80000)
  from space 99328K, 99% used [0x00000000f0e80000,0x00000000f6f79ca8,0x00000000f6f80000)
  to   space 129024K, 0% used [0x00000000f8200000,0x00000000f8200000,0x0000000100000000)
 ParOldGen       total 349184K, used 255930K [0x00000000a0000000, 0x00000000b5500000, 0x00000000e0000000)
  object space 349184K, 73% used [0x00000000a0000000,0x00000000af9eeba0,0x00000000b5500000)
 Metaspace       used 155615K, capacity 162310K, committed 162584K, reserved 1189888K
  class space    used 19819K, capacity 21158K, committed 21272K, reserved 1048576K
Event: 7129.685 GC heap after
Heap after GC invocations=38 (full 4):
 PSYoungGen      total 381952K, used 88293K [0x00000000e0000000, 0x0000000100000000, 0x0000000100000000)
  eden space 252928K, 0% used [0x00000000e0000000,0x00000000e0000000,0x00000000ef700000)
  from space 129024K, 68% used [0x00000000f8200000,0x00000000fd8394e0,0x0000000100000000)
  to   space 135680K, 0% used [0x00000000ef700000,0x00000000ef700000,0x00000000f7b80000)
 ParOldGen       total 349184K, used 257017K [0x00000000a0000000, 0x00000000b5500000, 0x00000000e0000000)
  object space 349184K, 73% used [0x00000000a0000000,0x00000000afafe6f0,0x00000000b5500000)
 Metaspace       used 155615K, capacity 162310K, committed 162584K, reserved 1189888K
  class space    used 19819K, capacity 21158K, committed 21272K, reserved 1048576K
}
Event: 7678.948 GC heap before
{Heap before GC invocations=39 (full 4):
 PSYoungGen      total 381952K, used 341221K [0x00000000e0000000, 0x0000000100000000, 0x0000000100000000)
  eden space 252928K, 100% used [0x00000000e0000000,0x00000000ef700000,0x00000000ef700000)
  from space 129024K, 68% used [0x00000000f8200000,0x00000000fd8394e0,0x0000000100000000)
  to   space 135680K, 0% used [0x00000000ef700000,0x00000000ef700000,0x00000000f7b80000)
 ParOldGen       total 349184K, used 257017K [0x00000000a0000000, 0x00000000b5500000, 0x00000000e0000000)
  object space 349184K, 73% used [0x00000000a0000000,0x00000000afafe6f0,0x00000000b5500000)
 Metaspace       used 155862K, capacity 162738K, committed 162840K, reserved 1191936K
  class space    used 19846K, capacity 21208K, committed 21272K, reserved 1048576K
Event: 7679.024 GC heap after
Heap after GC invocations=39 (full 4):
 PSYoungGen      total 388608K, used 68410K [0x00000000e0000000, 0x0000000100000000, 0x0000000100000000)
  eden space 252928K, 0% used [0x00000000e0000000,0x00000000e0000000,0x00000000ef700000)
  from space 135680K, 50% used [0x00000000ef700000,0x00000000f39cea88,0x00000000f7b80000)
  to   space 133120K, 0% used [0x00000000f7e00000,0x00000000f7e00000,0x0000000100000000)
 ParOldGen       total 349184K, used 257947K [0x00000000a0000000, 0x00000000b5500000, 0x00000000e0000000)
  object space 349184K, 73% used [0x00000000a0000000,0x00000000afbe6f10,0x00000000b5500000)
 Metaspace       used 155862K, capacity 162738K, committed 162840K, reserved 1191936K
  class space    used 19846K, capacity 21208K, committed 21272K, reserved 1048576K
}
Event: 7680.118 GC heap before
{Heap before GC invocations=40 (full 4):
 PSYoungGen      total 388608K, used 141221K [0x00000000e0000000, 0x0000000100000000, 0x0000000100000000)
  eden space 252928K, 28% used [0x00000000e0000000,0x00000000e471ab58,0x00000000ef700000)
  from space 135680K, 50% used [0x00000000ef700000,0x00000000f39cea88,0x00000000f7b80000)
  to   space 133120K, 0% used [0x00000000f7e00000,0x00000000f7e00000,0x0000000100000000)
 ParOldGen       total 349184K, used 257947K [0x00000000a0000000, 0x00000000b5500000, 0x00000000e0000000)
  object space 349184K, 73% used [0x00000000a0000000,0x00000000afbe6f10,0x00000000b5500000)
 Metaspace       used 157352K, capacity 164238K, committed 164336K, reserved 1191936K
  class space    used 20030K, capacity 21412K, committed 21488K, reserved 1048576K

